Hmm ... looks like a package
This is pdfTeX, Version 3.14159265-2.6-1.40.21 (TeX Live 2020/W32TeX) (preloaded format=pdflatex)
 restricted \write18 enabled.
entering extended mode
(./Rd2.tex
LaTeX2e <2020-02-02> patch level 5
L3 programming layer <2020-04-06>

(c:/Users/hschellander/AppData/Roaming/TinyTeX/texmf-dist/tex/latex/base/book.c
ls
Document Class: book 2019/12/20 v1.4l Standard LaTeX document class

(c:/Users/hschellander/AppData/Roaming/TinyTeX/texmf-dist/tex/latex/base/bk10.c
lo)) (c:/Program Files/R/R-3.6.1/share/texmf/tex/latex/Rd.sty
(c:/Users/hschellander/AppData/Roaming/TinyTeX/texmf-dist/tex/latex/base/ifthen
.sty)
(c:/Users/hschellander/AppData/Roaming/TinyTeX/texmf-dist/tex/latex/tools/longt
able.sty)
(c:/Users/hschellander/AppData/Roaming/TinyTeX/texmf-dist/tex/latex/tools/bm.st
y)
(c:/Users/hschellander/AppData/Roaming/TinyTeX/texmf-dist/tex/latex/base/alltt.
sty)
(c:/Users/hschellander/AppData/Roaming/TinyTeX/texmf-dist/tex/latex/tools/verba
tim.sty)
(c:/Users/hschellander/AppData/Roaming/TinyTeX/texmf-dist/tex/latex/url/url.sty
)
(c:/Users/hschellander/AppData/Roaming/TinyTeX/texmf-dist/tex/latex/base/textco
mp.sty)
(c:/Users/hschellander/AppData/Roaming/TinyTeX/texmf-dist/tex/latex/base/fonten
c.sty)
(c:/Users/hschellander/AppData/Roaming/TinyTeX/texmf-dist/tex/latex/psnfss/time
s.sty)
(c:/Users/hschellander/AppData/Roaming/TinyTeX/texmf-dist/tex/latex/inconsolata
/zi4.sty
`inconsolata-zi4' v1.12, 2019/05/17 Text macros for Inconsolata (msharpe)
(c:/Users/hschellander/AppData/Roaming/TinyTeX/texmf-dist/tex/latex/xkeyval/xke
yval.sty
(c:/Users/hschellander/AppData/Roaming/TinyTeX/texmf-dist/tex/generic/xkeyval/x
keyval.tex
(c:/Users/hschellander/AppData/Roaming/TinyTeX/texmf-dist/tex/generic/xkeyval/x
kvutils.tex
(c:/Users/hschellander/AppData/Roaming/TinyTeX/texmf-dist/tex/generic/xkeyval/k
eyval.tex)))))
(c:/Users/hschellander/AppData/Roaming/TinyTeX/texmf-dist/tex/latex/graphics/co
lor.sty
(c:/Users/hschellander/AppData/Roaming/TinyTeX/texmf-dist/tex/latex/graphics-cf
g/color.cfg)
(c:/Users/hschellander/AppData/Roaming/TinyTeX/texmf-dist/tex/latex/graphics-de
f/pdftex.def))
(c:/Users/hschellander/AppData/Roaming/TinyTeX/texmf-dist/tex/latex/hyperref/hy
perref.sty
(c:/Users/hschellander/AppData/Roaming/TinyTeX/texmf-dist/tex/generic/ltxcmds/l
txcmds.sty)
(c:/Users/hschellander/AppData/Roaming/TinyTeX/texmf-dist/tex/generic/iftex/ift
ex.sty)
(c:/Users/hschellander/AppData/Roaming/TinyTeX/texmf-dist/tex/latex/pdftexcmds/
pdftexcmds.sty
(c:/Users/hschellander/AppData/Roaming/TinyTeX/texmf-dist/tex/generic/infwarerr
/infwarerr.sty))
(c:/Users/hschellander/AppData/Roaming/TinyTeX/texmf-dist/tex/generic/kvsetkeys
/kvsetkeys.sty)
(c:/Users/hschellander/AppData/Roaming/TinyTeX/texmf-dist/tex/generic/kvdefinek
eys/kvdefinekeys.sty)
(c:/Users/hschellander/AppData/Roaming/TinyTeX/texmf-dist/tex/generic/pdfescape
/pdfescape.sty)
(c:/Users/hschellander/AppData/Roaming/TinyTeX/texmf-dist/tex/latex/hycolor/hyc
olor.sty)
(c:/Users/hschellander/AppData/Roaming/TinyTeX/texmf-dist/tex/latex/letltxmacro
/letltxmacro.sty)
(c:/Users/hschellander/AppData/Roaming/TinyTeX/texmf-dist/tex/latex/auxhook/aux
hook.sty)
(c:/Users/hschellander/AppData/Roaming/TinyTeX/texmf-dist/tex/latex/kvoptions/k
voptions.sty)
(c:/Users/hschellander/AppData/Roaming/TinyTeX/texmf-dist/tex/latex/hyperref/pd
1enc.def)
(c:/Users/hschellander/AppData/Roaming/TinyTeX/texmf-dist/tex/generic/intcalc/i
ntcalc.sty)
(c:/Users/hschellander/AppData/Roaming/TinyTeX/texmf-dist/tex/generic/etexcmds/
etexcmds.sty)
(c:/Users/hschellander/AppData/Roaming/TinyTeX/texmf-dist/tex/generic/bitset/bi
tset.sty
(c:/Users/hschellander/AppData/Roaming/TinyTeX/texmf-dist/tex/generic/bigintcal
c/bigintcalc.sty))
(c:/Users/hschellander/AppData/Roaming/TinyTeX/texmf-dist/tex/generic/atbegshi/
atbegshi.sty))
(c:/Users/hschellander/AppData/Roaming/TinyTeX/texmf-dist/tex/latex/hyperref/hp
dftex.def
(c:/Users/hschellander/AppData/Roaming/TinyTeX/texmf-dist/tex/latex/atveryend/a
tveryend.sty)
(c:/Users/hschellander/AppData/Roaming/TinyTeX/texmf-dist/tex/latex/rerunfilech
eck/rerunfilecheck.sty
(c:/Users/hschellander/AppData/Roaming/TinyTeX/texmf-dist/tex/generic/uniquecou
nter/uniquecounter.sty)))

Package hyperref Warning: Option `hyperindex' has already been used,
(hyperref)                setting the option has no effect on input line 377.


Package hyperref Warning: Option `pagebackref' has already been used,
(hyperref)                setting the option has no effect on input line 377.

)
(c:/Users/hschellander/AppData/Roaming/TinyTeX/texmf-dist/tex/latex/base/makeid
x.sty)
(c:/Users/hschellander/AppData/Roaming/TinyTeX/texmf-dist/tex/latex/base/inpute
nc.sty
(c:/Users/hschellander/AppData/Roaming/TinyTeX/texmf-dist/tex/latex/base/latin1
.def))
Writing index file Rd2.idx

(c:/Users/hschellander/AppData/Roaming/TinyTeX/texmf-dist/tex/latex/l3backend/l
3backend-pdfmode.def)
No file Rd2.aux.

(c:/Users/hschellander/AppData/Roaming/TinyTeX/texmf-dist/tex/latex/psnfss/t1pt
m.fd)
(c:/Users/hschellander/AppData/Roaming/TinyTeX/texmf-dist/tex/latex/hyperref/na
meref.sty
(c:/Users/hschellander/AppData/Roaming/TinyTeX/texmf-dist/tex/latex/refcount/re
fcount.sty)
(c:/Users/hschellander/AppData/Roaming/TinyTeX/texmf-dist/tex/generic/gettitles
tring/gettitlestring.sty))
(c:/Users/hschellander/AppData/Roaming/TinyTeX/texmf-dist/tex/latex/psnfss/ts1p
tm.fd)
(c:/Users/hschellander/AppData/Roaming/TinyTeX/texmf-dist/tex/latex/inconsolata
/t1zi4.fd)
Overfull \hbox (242.4095pt too wide) in paragraph at lines 24--25
\T1/ptm/m/n/10 chi (2016) <doi:10.1016/j.ejrh.2016.03.004>, Jonas et al. (2009)
 <doi:10.1016/j.jhydrol.2009.09.021> and Sturm et al. (2010) <doi:10.1175/2010J
HM1202.1>.  

(c:/Users/hschellander/AppData/Roaming/TinyTeX/texmf-dist/tex/latex/psnfss/t1ph
v.fd)
(c:/Users/hschellander/AppData/Roaming/TinyTeX/texmf-dist/tex/latex/base/utf8.d
ef) [1{c:/Users/hschellander/AppData/Roaming/TinyTeX/texmf-var/fonts/map/pdftex
/updmap/pdftex.map}]
Overfull \hbox (112.18687pt too wide) in paragraph at lines 87--88
[]\T1/ptm/m/n/10 Defines model for SWE com-pu-ta-tion. Can be one, sev-eral or 
all of "delta.snow","jo09","pi16","st10","gu19".
[2]
Underfull \hbox (badness 10000) in paragraph at lines 117--126


Underfull \hbox (badness 10000) in paragraph at lines 117--126


Underfull \hbox (badness 10000) in paragraph at lines 117--126


Underfull \hbox (badness 10000) in paragraph at lines 117--126

[3]
(c:/Users/hschellander/AppData/Roaming/TinyTeX/texmf-dist/tex/latex/inconsolata
/ts1zi4.fd) [4] [5]
Underfull \hbox (badness 10000) in paragraph at lines 224--226


Underfull \hbox (badness 10000) in paragraph at lines 241--248


Underfull \hbox (badness 10000) in paragraph at lines 241--248


Underfull \hbox (badness 10000) in paragraph at lines 241--248

[6] [7] [8]
Overfull \hbox (52.75653pt too wide) in paragraph at lines 369--370
[]\T1/ptm/m/n/10 Must be one of the fol-low-ing char-ac-ter strings: "alpine","
maritime","prairie","tundra","taiga". 
[9]
No file Rd2.ind.
[10] (./Rd2.aux)

Package rerunfilecheck Warning: File `Rd2.out' has changed.
(rerunfilecheck)                Rerun to get outlines right
(rerunfilecheck)                or use package `bookmark'.

 )
(see the transcript file for additional information)pdfTeX warning (dest): name
{Rfn.plot} has been referenced but does not exist, replaced by a fixed one

{c:/Users/hschellander/AppData/Roaming/TinyTeX/texmf-dist/fonts/enc/dvips/incon
solata/i4-ts1.enc}{c:/Users/hschellander/AppData/Roaming/TinyTeX/texmf-dist/fon
ts/enc/dvips/base/8r.enc}{c:/Users/hschellander/AppData/Roaming/TinyTeX/texmf-d
ist/fonts/enc/dvips/inconsolata/i4-t1-0.enc}<c:/Users/hschellander/AppData/Roam
ing/TinyTeX/texmf-dist/fonts/type1/public/inconsolata/Inconsolata-zi4r.pfb><c:/
Users/hschellander/AppData/Roaming/TinyTeX/texmf-dist/fonts/type1/public/amsfon
ts/cm/cmmi10.pfb><c:/Users/hschellander/AppData/Roaming/TinyTeX/texmf-dist/font
s/type1/public/amsfonts/cm/cmmi5.pfb><c:/Users/hschellander/AppData/Roaming/Tin
yTeX/texmf-dist/fonts/type1/public/amsfonts/cm/cmmi7.pfb><c:/Users/hschellander
/AppData/Roaming/TinyTeX/texmf-dist/fonts/type1/public/amsfonts/cm/cmr10.pfb><c
:/Users/hschellander/AppData/Roaming/TinyTeX/texmf-dist/fonts/type1/public/amsf
onts/cm/cmr5.pfb><c:/Users/hschellander/AppData/Roaming/TinyTeX/texmf-dist/font
s/type1/public/amsfonts/cm/cmr7.pfb><c:/Users/hschellander/AppData/Roaming/Tiny
TeX/texmf-dist/fonts/type1/public/amsfonts/cm/cmsy10.pfb><c:/Users/hschellander
/AppData/Roaming/TinyTeX/texmf-dist/fonts/type1/public/amsfonts/cm/cmsy7.pfb><c
:/Users/hschellander/AppData/Roaming/TinyTeX/texmf-dist/fonts/type1/urw/helveti
c/uhvr8a.pfb><c:/Users/hschellander/AppData/Roaming/TinyTeX/texmf-dist/fonts/ty
pe1/urw/times/utmb8a.pfb><c:/Users/hschellander/AppData/Roaming/TinyTeX/texmf-d
ist/fonts/type1/urw/times/utmr8a.pfb><c:/Users/hschellander/AppData/Roaming/Tin
yTeX/texmf-dist/fonts/type1/urw/times/utmr8a.pfb><c:/Users/hschellander/AppData
/Roaming/TinyTeX/texmf-dist/fonts/type1/urw/times/utmri8a.pfb>
Output written on Rd2.pdf (10 pages, 165421 bytes).
Transcript written on Rd2.log.
This is makeindex, version 2.15 [TeX Live 2020/W32TeX] (kpathsea + Thai support).
Scanning input file Rd2.idx....done (17 entries accepted, 0 rejected).
Sorting entries....done (67 comparisons).
Generating output file Rd2.ind....done (39 lines written, 0 warnings).
Output written in Rd2.ind.
Transcript written in Rd2.ilg.
This is pdfTeX, Version 3.14159265-2.6-1.40.21 (TeX Live 2020/W32TeX) (preloaded format=pdflatex)
 restricted \write18 enabled.
entering extended mode
(./Rd2.tex
LaTeX2e <2020-02-02> patch level 5
L3 programming layer <2020-04-06>

(c:/Users/hschellander/AppData/Roaming/TinyTeX/texmf-dist/tex/latex/base/book.c
ls
Document Class: book 2019/12/20 v1.4l Standard LaTeX document class

(c:/Users/hschellander/AppData/Roaming/TinyTeX/texmf-dist/tex/latex/base/bk10.c
lo)) (c:/Program Files/R/R-3.6.1/share/texmf/tex/latex/Rd.sty
(c:/Users/hschellander/AppData/Roaming/TinyTeX/texmf-dist/tex/latex/base/ifthen
.sty)
(c:/Users/hschellander/AppData/Roaming/TinyTeX/texmf-dist/tex/latex/tools/longt
able.sty)
(c:/Users/hschellander/AppData/Roaming/TinyTeX/texmf-dist/tex/latex/tools/bm.st
y)
(c:/Users/hschellander/AppData/Roaming/TinyTeX/texmf-dist/tex/latex/base/alltt.
sty)
(c:/Users/hschellander/AppData/Roaming/TinyTeX/texmf-dist/tex/latex/tools/verba
tim.sty)
(c:/Users/hschellander/AppData/Roaming/TinyTeX/texmf-dist/tex/latex/url/url.sty
)
(c:/Users/hschellander/AppData/Roaming/TinyTeX/texmf-dist/tex/latex/base/textco
mp.sty)
(c:/Users/hschellander/AppData/Roaming/TinyTeX/texmf-dist/tex/latex/base/fonten
c.sty)
(c:/Users/hschellander/AppData/Roaming/TinyTeX/texmf-dist/tex/latex/psnfss/time
s.sty)
(c:/Users/hschellander/AppData/Roaming/TinyTeX/texmf-dist/tex/latex/inconsolata
/zi4.sty
`inconsolata-zi4' v1.12, 2019/05/17 Text macros for Inconsolata (msharpe)
(c:/Users/hschellander/AppData/Roaming/TinyTeX/texmf-dist/tex/latex/xkeyval/xke
yval.sty
(c:/Users/hschellander/AppData/Roaming/TinyTeX/texmf-dist/tex/generic/xkeyval/x
keyval.tex
(c:/Users/hschellander/AppData/Roaming/TinyTeX/texmf-dist/tex/generic/xkeyval/x
kvutils.tex
(c:/Users/hschellander/AppData/Roaming/TinyTeX/texmf-dist/tex/generic/xkeyval/k
eyval.tex)))))
(c:/Users/hschellander/AppData/Roaming/TinyTeX/texmf-dist/tex/latex/graphics/co
lor.sty
(c:/Users/hschellander/AppData/Roaming/TinyTeX/texmf-dist/tex/latex/graphics-cf
g/color.cfg)
(c:/Users/hschellander/AppData/Roaming/TinyTeX/texmf-dist/tex/latex/graphics-de
f/pdftex.def))
(c:/Users/hschellander/AppData/Roaming/TinyTeX/texmf-dist/tex/latex/hyperref/hy
perref.sty
(c:/Users/hschellander/AppData/Roaming/TinyTeX/texmf-dist/tex/generic/ltxcmds/l
txcmds.sty)
(c:/Users/hschellander/AppData/Roaming/TinyTeX/texmf-dist/tex/generic/iftex/ift
ex.sty)
(c:/Users/hschellander/AppData/Roaming/TinyTeX/texmf-dist/tex/latex/pdftexcmds/
pdftexcmds.sty
(c:/Users/hschellander/AppData/Roaming/TinyTeX/texmf-dist/tex/generic/infwarerr
/infwarerr.sty))
(c:/Users/hschellander/AppData/Roaming/TinyTeX/texmf-dist/tex/generic/kvsetkeys
/kvsetkeys.sty)
(c:/Users/hschellander/AppData/Roaming/TinyTeX/texmf-dist/tex/generic/kvdefinek
eys/kvdefinekeys.sty)
(c:/Users/hschellander/AppData/Roaming/TinyTeX/texmf-dist/tex/generic/pdfescape
/pdfescape.sty)
(c:/Users/hschellander/AppData/Roaming/TinyTeX/texmf-dist/tex/latex/hycolor/hyc
olor.sty)
(c:/Users/hschellander/AppData/Roaming/TinyTeX/texmf-dist/tex/latex/letltxmacro
/letltxmacro.sty)
(c:/Users/hschellander/AppData/Roaming/TinyTeX/texmf-dist/tex/latex/auxhook/aux
hook.sty)
(c:/Users/hschellander/AppData/Roaming/TinyTeX/texmf-dist/tex/latex/kvoptions/k
voptions.sty)
(c:/Users/hschellander/AppData/Roaming/TinyTeX/texmf-dist/tex/latex/hyperref/pd
1enc.def)
(c:/Users/hschellander/AppData/Roaming/TinyTeX/texmf-dist/tex/generic/intcalc/i
ntcalc.sty)
(c:/Users/hschellander/AppData/Roaming/TinyTeX/texmf-dist/tex/generic/etexcmds/
etexcmds.sty)
(c:/Users/hschellander/AppData/Roaming/TinyTeX/texmf-dist/tex/generic/bitset/bi
tset.sty
(c:/Users/hschellander/AppData/Roaming/TinyTeX/texmf-dist/tex/generic/bigintcal
c/bigintcalc.sty))
(c:/Users/hschellander/AppData/Roaming/TinyTeX/texmf-dist/tex/generic/atbegshi/
atbegshi.sty))
(c:/Users/hschellander/AppData/Roaming/TinyTeX/texmf-dist/tex/latex/hyperref/hp
dftex.def
(c:/Users/hschellander/AppData/Roaming/TinyTeX/texmf-dist/tex/latex/atveryend/a
tveryend.sty)
(c:/Users/hschellander/AppData/Roaming/TinyTeX/texmf-dist/tex/latex/rerunfilech
eck/rerunfilecheck.sty
(c:/Users/hschellander/AppData/Roaming/TinyTeX/texmf-dist/tex/generic/uniquecou
nter/uniquecounter.sty)))

Package hyperref Warning: Option `hyperindex' has already been used,
(hyperref)                setting the option has no effect on input line 377.


Package hyperref Warning: Option `pagebackref' has already been used,
(hyperref)                setting the option has no effect on input line 377.

)
(c:/Users/hschellander/AppData/Roaming/TinyTeX/texmf-dist/tex/latex/base/makeid
x.sty)
(c:/Users/hschellander/AppData/Roaming/TinyTeX/texmf-dist/tex/latex/base/inpute
nc.sty
(c:/Users/hschellander/AppData/Roaming/TinyTeX/texmf-dist/tex/latex/base/latin1
.def))
Writing index file Rd2.idx

(c:/Users/hschellander/AppData/Roaming/TinyTeX/texmf-dist/tex/latex/l3backend/l
3backend-pdfmode.def) (./Rd2.aux)
(c:/Users/hschellander/AppData/Roaming/TinyTeX/texmf-dist/tex/latex/psnfss/t1pt
m.fd)
(c:/Users/hschellander/AppData/Roaming/TinyTeX/texmf-dist/tex/latex/hyperref/na
meref.sty
(c:/Users/hschellander/AppData/Roaming/TinyTeX/texmf-dist/tex/latex/refcount/re
fcount.sty)
(c:/Users/hschellander/AppData/Roaming/TinyTeX/texmf-dist/tex/generic/gettitles
tring/gettitlestring.sty)) (./Rd2.out) (./Rd2.out)
(c:/Users/hschellander/AppData/Roaming/TinyTeX/texmf-dist/tex/latex/psnfss/ts1p
tm.fd)
(c:/Users/hschellander/AppData/Roaming/TinyTeX/texmf-dist/tex/latex/inconsolata
/t1zi4.fd)
Overfull \hbox (242.4095pt too wide) in paragraph at lines 24--25
\T1/ptm/m/n/10 chi (2016) <doi:10.1016/j.ejrh.2016.03.004>, Jonas et al. (2009)
 <doi:10.1016/j.jhydrol.2009.09.021> and Sturm et al. (2010) <doi:10.1175/2010J
HM1202.1>.  

(c:/Users/hschellander/AppData/Roaming/TinyTeX/texmf-dist/tex/latex/psnfss/t1ph
v.fd) (./Rd2.toc)
(c:/Users/hschellander/AppData/Roaming/TinyTeX/texmf-dist/tex/latex/base/utf8.d
ef) [1{c:/Users/hschellander/AppData/Roaming/TinyTeX/texmf-var/fonts/map/pdftex
/updmap/pdftex.map}] [2]
Overfull \hbox (112.18687pt too wide) in paragraph at lines 87--88
[]\T1/ptm/m/n/10 Defines model for SWE com-pu-ta-tion. Can be one, sev-eral or 
all of "delta.snow","jo09","pi16","st10","gu19".

Underfull \hbox (badness 10000) in paragraph at lines 117--126


Underfull \hbox (badness 10000) in paragraph at lines 117--126


Underfull \hbox (badness 10000) in paragraph at lines 117--126


Underfull \hbox (badness 10000) in paragraph at lines 117--126

[3]
(c:/Users/hschellander/AppData/Roaming/TinyTeX/texmf-dist/tex/latex/inconsolata
/ts1zi4.fd) [4] [5]
Underfull \hbox (badness 10000) in paragraph at lines 224--226


Underfull \hbox (badness 10000) in paragraph at lines 241--248


Underfull \hbox (badness 10000) in paragraph at lines 241--248


Underfull \hbox (badness 10000) in paragraph at lines 241--248

[6] [7] [8]
Overfull \hbox (52.75653pt too wide) in paragraph at lines 369--370
[]\T1/ptm/m/n/10 Must be one of the fol-low-ing char-ac-ter strings: "alpine","
maritime","prairie","tundra","taiga". 
[9] (./Rd2.ind [10] [11]) (./Rd2.aux)

Package rerunfilecheck Warning: File `Rd2.out' has changed.
(rerunfilecheck)                Rerun to get outlines right
(rerunfilecheck)                or use package `bookmark'.

 )
(see the transcript file for additional information)pdfTeX warning (dest): name
{Rfn.plot} has been referenced but does not exist, replaced by a fixed one

{c:/Users/hschellander/AppData/Roaming/TinyTeX/texmf-dist/fonts/enc/dvips/incon
solata/i4-ts1.enc}{c:/Users/hschellander/AppData/Roaming/TinyTeX/texmf-dist/fon
ts/enc/dvips/base/8r.enc}{c:/Users/hschellander/AppData/Roaming/TinyTeX/texmf-d
ist/fonts/enc/dvips/inconsolata/i4-t1-0.enc}<c:/Users/hschellander/AppData/Roam
ing/TinyTeX/texmf-dist/fonts/type1/public/inconsolata/Inconsolata-zi4r.pfb><c:/
Users/hschellander/AppData/Roaming/TinyTeX/texmf-dist/fonts/type1/public/amsfon
ts/cm/cmmi10.pfb><c:/Users/hschellander/AppData/Roaming/TinyTeX/texmf-dist/font
s/type1/public/amsfonts/cm/cmmi5.pfb><c:/Users/hschellander/AppData/Roaming/Tin
yTeX/texmf-dist/fonts/type1/public/amsfonts/cm/cmmi7.pfb><c:/Users/hschellander
/AppData/Roaming/TinyTeX/texmf-dist/fonts/type1/public/amsfonts/cm/cmr10.pfb><c
:/Users/hschellander/AppData/Roaming/TinyTeX/texmf-dist/fonts/type1/public/amsf
onts/cm/cmr5.pfb><c:/Users/hschellander/AppData/Roaming/TinyTeX/texmf-dist/font
s/type1/public/amsfonts/cm/cmr7.pfb><c:/Users/hschellander/AppData/Roaming/Tiny
TeX/texmf-dist/fonts/type1/public/amsfonts/cm/cmsy10.pfb><c:/Users/hschellander
/AppData/Roaming/TinyTeX/texmf-dist/fonts/type1/public/amsfonts/cm/cmsy7.pfb><c
:/Users/hschellander/AppData/Roaming/TinyTeX/texmf-dist/fonts/type1/urw/helveti
c/uhvr8a.pfb><c:/Users/hschellander/AppData/Roaming/TinyTeX/texmf-dist/fonts/ty
pe1/urw/times/utmb8a.pfb><c:/Users/hschellander/AppData/Roaming/TinyTeX/texmf-d
ist/fonts/type1/urw/times/utmr8a.pfb><c:/Users/hschellander/AppData/Roaming/Tin
yTeX/texmf-dist/fonts/type1/urw/times/utmr8a.pfb><c:/Users/hschellander/AppData
/Roaming/TinyTeX/texmf-dist/fonts/type1/urw/times/utmri8a.pfb>
Output written on Rd2.pdf (11 pages, 168724 bytes).
Transcript written on Rd2.log.
This is makeindex, version 2.15 [TeX Live 2020/W32TeX] (kpathsea + Thai support).
Scanning input file Rd2.idx....done (17 entries accepted, 0 rejected).
Sorting entries....done (67 comparisons).
Generating output file Rd2.ind....done (39 lines written, 1 warning).
Output written in Rd2.ind.
Transcript written in Rd2.ilg.
This is pdfTeX, Version 3.14159265-2.6-1.40.21 (TeX Live 2020/W32TeX) (preloaded format=pdflatex)
 restricted \write18 enabled.
entering extended mode
(./Rd2.tex
LaTeX2e <2020-02-02> patch level 5
L3 programming layer <2020-04-06>

(c:/Users/hschellander/AppData/Roaming/TinyTeX/texmf-dist/tex/latex/base/book.c
ls
Document Class: book 2019/12/20 v1.4l Standard LaTeX document class

(c:/Users/hschellander/AppData/Roaming/TinyTeX/texmf-dist/tex/latex/base/bk10.c
lo)) (c:/Program Files/R/R-3.6.1/share/texmf/tex/latex/Rd.sty
(c:/Users/hschellander/AppData/Roaming/TinyTeX/texmf-dist/tex/latex/base/ifthen
.sty)
(c:/Users/hschellander/AppData/Roaming/TinyTeX/texmf-dist/tex/latex/tools/longt
able.sty)
(c:/Users/hschellander/AppData/Roaming/TinyTeX/texmf-dist/tex/latex/tools/bm.st
y)
(c:/Users/hschellander/AppData/Roaming/TinyTeX/texmf-dist/tex/latex/base/alltt.
sty)
(c:/Users/hschellander/AppData/Roaming/TinyTeX/texmf-dist/tex/latex/tools/verba
tim.sty)
(c:/Users/hschellander/AppData/Roaming/TinyTeX/texmf-dist/tex/latex/url/url.sty
)
(c:/Users/hschellander/AppData/Roaming/TinyTeX/texmf-dist/tex/latex/base/textco
mp.sty)
(c:/Users/hschellander/AppData/Roaming/TinyTeX/texmf-dist/tex/latex/base/fonten
c.sty)
(c:/Users/hschellander/AppData/Roaming/TinyTeX/texmf-dist/tex/latex/psnfss/time
s.sty)
(c:/Users/hschellander/AppData/Roaming/TinyTeX/texmf-dist/tex/latex/inconsolata
/zi4.sty
`inconsolata-zi4' v1.12, 2019/05/17 Text macros for Inconsolata (msharpe)
(c:/Users/hschellander/AppData/Roaming/TinyTeX/texmf-dist/tex/latex/xkeyval/xke
yval.sty
(c:/Users/hschellander/AppData/Roaming/TinyTeX/texmf-dist/tex/generic/xkeyval/x
keyval.tex
(c:/Users/hschellander/AppData/Roaming/TinyTeX/texmf-dist/tex/generic/xkeyval/x
kvutils.tex
(c:/Users/hschellander/AppData/Roaming/TinyTeX/texmf-dist/tex/generic/xkeyval/k
eyval.tex)))))
(c:/Users/hschellander/AppData/Roaming/TinyTeX/texmf-dist/tex/latex/graphics/co
lor.sty
(c:/Users/hschellander/AppData/Roaming/TinyTeX/texmf-dist/tex/latex/graphics-cf
g/color.cfg)
(c:/Users/hschellander/AppData/Roaming/TinyTeX/texmf-dist/tex/latex/graphics-de
f/pdftex.def))
(c:/Users/hschellander/AppData/Roaming/TinyTeX/texmf-dist/tex/latex/hyperref/hy
perref.sty
(c:/Users/hschellander/AppData/Roaming/TinyTeX/texmf-dist/tex/generic/ltxcmds/l
txcmds.sty)
(c:/Users/hschellander/AppData/Roaming/TinyTeX/texmf-dist/tex/generic/iftex/ift
ex.sty)
(c:/Users/hschellander/AppData/Roaming/TinyTeX/texmf-dist/tex/latex/pdftexcmds/
pdftexcmds.sty
(c:/Users/hschellander/AppData/Roaming/TinyTeX/texmf-dist/tex/generic/infwarerr
/infwarerr.sty))
(c:/Users/hschellander/AppData/Roaming/TinyTeX/texmf-dist/tex/generic/kvsetkeys
/kvsetkeys.sty)
(c:/Users/hschellander/AppData/Roaming/TinyTeX/texmf-dist/tex/generic/kvdefinek
eys/kvdefinekeys.sty)
(c:/Users/hschellander/AppData/Roaming/TinyTeX/texmf-dist/tex/generic/pdfescape
/pdfescape.sty)
(c:/Users/hschellander/AppData/Roaming/TinyTeX/texmf-dist/tex/latex/hycolor/hyc
olor.sty)
(c:/Users/hschellander/AppData/Roaming/TinyTeX/texmf-dist/tex/latex/letltxmacro
/letltxmacro.sty)
(c:/Users/hschellander/AppData/Roaming/TinyTeX/texmf-dist/tex/latex/auxhook/aux
hook.sty)
(c:/Users/hschellander/AppData/Roaming/TinyTeX/texmf-dist/tex/latex/kvoptions/k
voptions.sty)
(c:/Users/hschellander/AppData/Roaming/TinyTeX/texmf-dist/tex/latex/hyperref/pd
1enc.def)
(c:/Users/hschellander/AppData/Roaming/TinyTeX/texmf-dist/tex/generic/intcalc/i
ntcalc.sty)
(c:/Users/hschellander/AppData/Roaming/TinyTeX/texmf-dist/tex/generic/etexcmds/
etexcmds.sty)
(c:/Users/hschellander/AppData/Roaming/TinyTeX/texmf-dist/tex/generic/bitset/bi
tset.sty
(c:/Users/hschellander/AppData/Roaming/TinyTeX/texmf-dist/tex/generic/bigintcal
c/bigintcalc.sty))
(c:/Users/hschellander/AppData/Roaming/TinyTeX/texmf-dist/tex/generic/atbegshi/
atbegshi.sty))
(c:/Users/hschellander/AppData/Roaming/TinyTeX/texmf-dist/tex/latex/hyperref/hp
dftex.def
(c:/Users/hschellander/AppData/Roaming/TinyTeX/texmf-dist/tex/latex/atveryend/a
tveryend.sty)
(c:/Users/hschellander/AppData/Roaming/TinyTeX/texmf-dist/tex/latex/rerunfilech
eck/rerunfilecheck.sty
(c:/Users/hschellander/AppData/Roaming/TinyTeX/texmf-dist/tex/generic/uniquecou
nter/uniquecounter.sty)))

Package hyperref Warning: Option `hyperindex' has already been used,
(hyperref)                setting the option has no effect on input line 377.


Package hyperref Warning: Option `pagebackref' has already been used,
(hyperref)                setting the option has no effect on input line 377.

)
(c:/Users/hschellander/AppData/Roaming/TinyTeX/texmf-dist/tex/latex/base/makeid
x.sty)
(c:/Users/hschellander/AppData/Roaming/TinyTeX/texmf-dist/tex/latex/base/inpute
nc.sty
(c:/Users/hschellander/AppData/Roaming/TinyTeX/texmf-dist/tex/latex/base/latin1
.def))
Writing index file Rd2.idx

(c:/Users/hschellander/AppData/Roaming/TinyTeX/texmf-dist/tex/latex/l3backend/l
3backend-pdfmode.def) (./Rd2.aux)
(c:/Users/hschellander/AppData/Roaming/TinyTeX/texmf-dist/tex/latex/psnfss/t1pt
m.fd)
(c:/Users/hschellander/AppData/Roaming/TinyTeX/texmf-dist/tex/latex/hyperref/na
meref.sty
(c:/Users/hschellander/AppData/Roaming/TinyTeX/texmf-dist/tex/latex/refcount/re
fcount.sty)
(c:/Users/hschellander/AppData/Roaming/TinyTeX/texmf-dist/tex/generic/gettitles
tring/gettitlestring.sty)) (./Rd2.out) (./Rd2.out)
(c:/Users/hschellander/AppData/Roaming/TinyTeX/texmf-dist/tex/latex/psnfss/ts1p
tm.fd)
(c:/Users/hschellander/AppData/Roaming/TinyTeX/texmf-dist/tex/latex/inconsolata
/t1zi4.fd)
Overfull \hbox (242.4095pt too wide) in paragraph at lines 24--25
\T1/ptm/m/n/10 chi (2016) <doi:10.1016/j.ejrh.2016.03.004>, Jonas et al. (2009)
 <doi:10.1016/j.jhydrol.2009.09.021> and Sturm et al. (2010) <doi:10.1175/2010J
HM1202.1>.  

(c:/Users/hschellander/AppData/Roaming/TinyTeX/texmf-dist/tex/latex/psnfss/t1ph
v.fd) (./Rd2.toc)
(c:/Users/hschellander/AppData/Roaming/TinyTeX/texmf-dist/tex/latex/base/utf8.d
ef) [1{c:/Users/hschellander/AppData/Roaming/TinyTeX/texmf-var/fonts/map/pdftex
/updmap/pdftex.map}] [2]
Overfull \hbox (112.18687pt too wide) in paragraph at lines 87--88
[]\T1/ptm/m/n/10 Defines model for SWE com-pu-ta-tion. Can be one, sev-eral or 
all of "delta.snow","jo09","pi16","st10","gu19".

Underfull \hbox (badness 10000) in paragraph at lines 117--126


Underfull \hbox (badness 10000) in paragraph at lines 117--126


Underfull \hbox (badness 10000) in paragraph at lines 117--126


Underfull \hbox (badness 10000) in paragraph at lines 117--126

[3]
(c:/Users/hschellander/AppData/Roaming/TinyTeX/texmf-dist/tex/latex/inconsolata
/ts1zi4.fd) [4] [5]
Underfull \hbox (badness 10000) in paragraph at lines 224--226


Underfull \hbox (badness 10000) in paragraph at lines 241--248


Underfull \hbox (badness 10000) in paragraph at lines 241--248


Underfull \hbox (badness 10000) in paragraph at lines 241--248

[6] [7] [8]
Overfull \hbox (52.75653pt too wide) in paragraph at lines 369--370
[]\T1/ptm/m/n/10 Must be one of the fol-low-ing char-ac-ter strings: "alpine","
maritime","prairie","tundra","taiga". 
[9] (./Rd2.ind [10] [11]) (./Rd2.aux) )
(see the transcript file for additional information)pdfTeX warning (dest): name
{Rfn.plot} has been referenced but does not exist, replaced by a fixed one

{c:/Users/hschellander/AppData/Roaming/TinyTeX/texmf-dist/fonts/enc/dvips/incon
solata/i4-ts1.enc}{c:/Users/hschellander/AppData/Roaming/TinyTeX/texmf-dist/fon
ts/enc/dvips/base/8r.enc}{c:/Users/hschellander/AppData/Roaming/TinyTeX/texmf-d
ist/fonts/enc/dvips/inconsolata/i4-t1-0.enc}<c:/Users/hschellander/AppData/Roam
ing/TinyTeX/texmf-dist/fonts/type1/public/inconsolata/Inconsolata-zi4r.pfb><c:/
Users/hschellander/AppData/Roaming/TinyTeX/texmf-dist/fonts/type1/public/amsfon
ts/cm/cmmi10.pfb><c:/Users/hschellander/AppData/Roaming/TinyTeX/texmf-dist/font
s/type1/public/amsfonts/cm/cmmi5.pfb><c:/Users/hschellander/AppData/Roaming/Tin
yTeX/texmf-dist/fonts/type1/public/amsfonts/cm/cmmi7.pfb><c:/Users/hschellander
/AppData/Roaming/TinyTeX/texmf-dist/fonts/type1/public/amsfonts/cm/cmr10.pfb><c
:/Users/hschellander/AppData/Roaming/TinyTeX/texmf-dist/fonts/type1/public/amsf
onts/cm/cmr5.pfb><c:/Users/hschellander/AppData/Roaming/TinyTeX/texmf-dist/font
s/type1/public/amsfonts/cm/cmr7.pfb><c:/Users/hschellander/AppData/Roaming/Tiny
TeX/texmf-dist/fonts/type1/public/amsfonts/cm/cmsy10.pfb><c:/Users/hschellander
/AppData/Roaming/TinyTeX/texmf-dist/fonts/type1/public/amsfonts/cm/cmsy7.pfb><c
:/Users/hschellander/AppData/Roaming/TinyTeX/texmf-dist/fonts/type1/urw/helveti
c/uhvr8a.pfb><c:/Users/hschellander/AppData/Roaming/TinyTeX/texmf-dist/fonts/ty
pe1/urw/times/utmb8a.pfb><c:/Users/hschellander/AppData/Roaming/TinyTeX/texmf-d
ist/fonts/type1/urw/times/utmr8a.pfb><c:/Users/hschellander/AppData/Roaming/Tin
yTeX/texmf-dist/fonts/type1/urw/times/utmr8a.pfb><c:/Users/hschellander/AppData
/Roaming/TinyTeX/texmf-dist/fonts/type1/urw/times/utmri8a.pfb>
Output written on Rd2.pdf (11 pages, 169096 bytes).
Transcript written on Rd2.log.
Saving output to 'nixmass-manual.pdf' ...
Done
You may want to clean up by 'rm -Rf C:/Users/HSCHEL~1/AppData/Local/Temp/RtmpQvNaCw/Rd2pdf1c1c50b65a78'
